<?xml version="1.0" encoding="UTF-8"?>
<testng-results skipped="0" failed="0" total="2" passed="2">
  <reporter-output>
  </reporter-output>
  <suite name="Default suite" duration-ms="50106" started-at="2019-04-12T11:57:55Z" finished-at="2019-04-12T11:58:45Z">
    <groups>
    </groups>
    <test name="Default test" duration-ms="50106" started-at="2019-04-12T11:57:55Z" finished-at="2019-04-12T11:58:45Z">
      <class name="com.sampleproject.TestCase.logintestcase">
        <test-method status="PASS" signature="setUp()[pri:0, instance:com.sampleproject.TestCase.logintestcase@4b9e13df]" name="setUp" is-config="true" duration-ms="22114" started-at="2019-04-12T17:27:55Z" finished-at="2019-04-12T17:28:17Z">
          <reporter-output>
          </reporter-output>
        </test-method> <!-- setUp -->
        <test-method status="PASS" signature="logindetails()[pri:0, instance:com.sampleproject.TestCase.logintestcase@4b9e13df]" name="logindetails" duration-ms="6993" started-at="2019-04-12T17:28:17Z" finished-at="2019-04-12T17:28:24Z">
          <reporter-output>
          </reporter-output>
        </test-method> <!-- logindetails -->
        <test-method status="PASS" signature="test2()[pri:0, instance:com.sampleproject.TestCase.logintestcase@4b9e13df]" name="test2" is-config="true" duration-ms="1251" started-at="2019-04-12T17:28:24Z" finished-at="2019-04-12T17:28:26Z">
          <reporter-output>
          </reporter-output>
        </test-method> <!-- test2 -->
        <test-method status="PASS" signature="setUp()[pri:0, instance:com.sampleproject.TestCase.logintestcase@4b9e13df]" name="setUp" is-config="true" duration-ms="18546" started-at="2019-04-12T17:28:26Z" finished-at="2019-04-12T17:28:44Z">
          <reporter-output>
          </reporter-output>
        </test-method> <!-- setUp -->
        <test-method status="PASS" signature="validateloginofFreeCRM()[pri:0, instance:com.sampleproject.TestCase.logintestcase@4b9e13df]" name="validateloginofFreeCRM" duration-ms="10" started-at="2019-04-12T17:28:44Z" finished-at="2019-04-12T17:28:44Z">
          <reporter-output>
          </reporter-output>
        </test-method> <!-- validateloginofFreeCRM -->
        <test-method status="PASS" signature="test2()[pri:0, instance:com.sampleproject.TestCase.logintestcase@4b9e13df]" name="test2" is-config="true" duration-ms="1158" started-at="2019-04-12T17:28:44Z" finished-at="2019-04-12T17:28:45Z">
          <reporter-output>
          </reporter-output>
        </test-method> <!-- test2 -->
      </class> <!-- com.sampleproject.TestCase.logintestcase -->
    </test> <!-- Default test -->
  </suite> <!-- Default suite -->
</testng-results>
